0 info it worked if it ends with ok
1 verbose cli [ '/Users/vacoeimerc/.nvm/versions/node/v4.4.4/bin/node',
1 verbose cli   '/Users/vacoeimerc/.nvm/versions/node/v4.4.4/bin/npm',
1 verbose cli   'version',
1 verbose cli   '1.0.0' ]
2 info using npm@3.8.9
3 info using node@v4.4.4
4 info git [ 'status', '--porcelain' ]
5 verbose stack Error: Git working directory not clean.
5 verbose stack D .gitattributes
5 verbose stack D .gitignore
5 verbose stack D .jshintrc
5 verbose stack D .npmignore
5 verbose stack D LICENSE
5 verbose stack D README.md
5 verbose stack D alerts.jsx
5 verbose stack D style.less
5 verbose stack     at /Users/vacoeimerc/.nvm/versions/node/v4.4.4/lib/node_modules/npm/lib/version.js:246:19
5 verbose stack     at ChildProcess.exithandler (child_process.js:204:7)
5 verbose stack     at emitTwo (events.js:87:13)
5 verbose stack     at ChildProcess.emit (events.js:172:7)
5 verbose stack     at maybeClose (internal/child_process.js:827:16)
5 verbose stack     at Socket.<anonymous> (internal/child_process.js:319:11)
5 verbose stack     at emitOne (events.js:77:13)
5 verbose stack     at Socket.emit (events.js:169:7)
5 verbose stack     at Pipe._onclose (net.js:477:12)
6 verbose cwd /Users/vacoeimerc/Desktop/code/ui-lib
7 error Darwin 14.5.0
8 error argv "/Users/vacoeimerc/.nvm/versions/node/v4.4.4/bin/node" "/Users/vacoeimerc/.nvm/versions/node/v4.4.4/bin/npm" "version" "1.0.0"
9 error node v4.4.4
10 error npm  v3.8.9
11 error Git working directory not clean.
11 error D .gitattributes
11 error D .gitignore
11 error D .jshintrc
11 error D .npmignore
11 error D LICENSE
11 error D README.md
11 error D alerts.jsx
11 error D style.less
12 error If you need help, you may report this error at:
12 error     <https://github.com/npm/npm/issues>
13 verbose exit [ 1, true ]
